2026-02-28 21:41:27 - Login denemesi: mega 
2026-02-28 23:18:51 - Login denemesi: mega 
2026-02-28 23:20:51 - Login denemesi: mega 
2026-03-02 19:45:56 - Login denemesi: demo 
2026-03-03 05:22:54 - Login denemesi: star 
2026-03-03 05:26:29 - Login denemesi: demo 
2026-03-03 11:23:39 - Login denemesi: demo 
2026-03-03 11:32:01 - Login denemesi: admin 
Kullanıcı bulunamadı: admin 
2026-03-03 11:32:09 - Login denemesi: admin 
Kullanıcı bulunamadı: admin 
2026-03-03 11:32:12 - Login denemesi: admin 
Kullanıcı bulunamadı: admin 
2026-03-03 11:33:33 - Login denemesi: admin 
Kullanıcı bulunamadı: admin 
2026-03-03 11:33:41 - Login denemesi: admin 
Kullanıcı bulunamadı: admin 
2026-03-03 15:54:01 - Login denemesi: demo 
2026-03-03 16:52:16 - Login denemesi: demo 
2026-03-04 04:53:02 - Login denemesi: demo 
2026-03-04 04:55:30 - Login denemesi: mega 
2026-03-04 11:48:02 - Login denemesi: demo 
2026-03-04 22:22:45 - Login denemesi: mega 
2026-03-04 22:28:13 - Login denemesi: star 
2026-03-05 12:41:36 - Login denemesi: demo 
2026-03-06 12:10:53 - Login denemesi: admin 
Kullanıcı bulunamadı: admin 
2026-03-07 10:24:08 - Login denemesi: star 
2026-03-07 10:24:58 - Login denemesi: demo 
2026-03-07 10:25:40 - Login denemesi: mega 
2026-03-12 08:27:16 - Login denemesi: demo 
2026-03-12 08:45:30 - Login denemesi: demo 
2026-03-12 08:53:30 - Login denemesi: demo 
2026-03-12 10:01:45 - Login denemesi: admin 
Kullanıcı bulunamadı: admin 
2026-03-12 12:46:42 - Login denemesi: germed 
2026-03-12 12:47:02 - Login denemesi: ahmet 
2026-03-12 12:47:28 - Login denemesi: enes 
2026-03-12 12:47:59 - Login denemesi: istoç 
2026-03-12 12:49:22 - Login denemesi: nevroz 
2026-03-12 12:50:38 - Login denemesi: admin 
Kullanıcı bulunamadı: admin 
2026-03-12 18:20:54 - Login denemesi: admin 
Kullanıcı bulunamadı: admin 
2026-03-12 19:06:22 - Login denemesi: ahmet 
2026-03-12 19:07:14 - Login denemesi: istoç 
2026-03-12 19:09:16 - Login denemesi: ahmet 
2026-03-12 22:08:32 - Login denemesi: ahmet 
